2019-01-09T13:34:58.338Z [WITHYOUFRIENDS] info: "[SWAPI] validate param in GET /api/articles"
2019-01-09T13:34:58.339Z [WITHYOUFRIENDS] info: "[SWAPI] validate param in GET /api/articles"
2019-01-09T13:34:58.339Z [WITHYOUFRIENDS] info: "[SWAPI] validate param in GET /api/articles"
2019-01-09T13:34:58.339Z [WITHYOUFRIENDS] info: "request received host from localhost:3007, user-agent curl/7.54.0"
2019-01-09T13:35:04.468Z [WITHYOUFRIENDS] info: "[SWAPI] using custom logger instance"
2019-01-09T13:35:04.471Z [WITHYOUFRIENDS] info: "[SWAPI] Mount Route /api/articles"
2019-01-09T13:35:04.472Z [WITHYOUFRIENDS] info: "[SWAPI] Mount Route /api/article"
2019-01-09T13:35:04.473Z [WITHYOUFRIENDS] info: "[SWAPI] Mount Route /api/article"
2019-01-09T13:35:04.473Z [WITHYOUFRIENDS] info: "[SWAPI] Mount Route /api/tags"
2019-01-09T13:35:04.473Z [WITHYOUFRIENDS] info: "[SWAPI] Mount Route /api/tags/articles"
2019-01-09T13:35:04.475Z [WITHYOUFRIENDS] info: "[SWAPI] 2 router registered"
2019-01-09T13:35:13.684Z [WITHYOUFRIENDS] info: "[SWAPI] using custom logger instance"
2019-01-09T13:35:13.687Z [WITHYOUFRIENDS] info: "[SWAPI] Mount Route /api/articles"
2019-01-09T13:35:13.689Z [WITHYOUFRIENDS] info: "[SWAPI] Mount Route /api/article"
2019-01-09T13:35:13.689Z [WITHYOUFRIENDS] info: "[SWAPI] Mount Route /api/article"
2019-01-09T13:35:13.689Z [WITHYOUFRIENDS] info: "[SWAPI] Mount Route /api/tags"
2019-01-09T13:35:13.690Z [WITHYOUFRIENDS] info: "[SWAPI] Mount Route /api/tags/articles"
2019-01-09T13:35:13.691Z [WITHYOUFRIENDS] info: "[SWAPI] 2 router registered"
2019-01-09T13:35:13.797Z [WITHYOUFRIENDS] info: "[SWAPI] validate param in GET /api/articles"
2019-01-09T13:35:13.798Z [WITHYOUFRIENDS] info: "[SWAPI] validate param in GET /api/articles"
2019-01-09T13:35:13.798Z [WITHYOUFRIENDS] info: "[SWAPI] validate param in GET /api/articles"
2019-01-09T13:35:13.799Z [WITHYOUFRIENDS] info: "request received host from localhost:3007, user-agent curl/7.54.0"
2019-01-09T13:35:22.970Z [WITHYOUFRIENDS] info: "[SWAPI] using custom logger instance"
2019-01-09T13:35:22.972Z [WITHYOUFRIENDS] info: "[SWAPI] Mount Route /api/articles"
2019-01-09T13:35:22.974Z [WITHYOUFRIENDS] info: "[SWAPI] Mount Route /api/article"
2019-01-09T13:35:22.974Z [WITHYOUFRIENDS] info: "[SWAPI] Mount Route /api/article"
2019-01-09T13:35:22.975Z [WITHYOUFRIENDS] info: "[SWAPI] Mount Route /api/tags"
2019-01-09T13:35:22.975Z [WITHYOUFRIENDS] info: "[SWAPI] Mount Route /api/tags/articles"
2019-01-09T13:35:22.978Z [WITHYOUFRIENDS] info: "[SWAPI] 2 router registered"
2019-01-09T13:38:30.014Z [WITHYOUFRIENDS] info: "[SWAPI] using custom logger instance"
2019-01-09T13:38:30.016Z [WITHYOUFRIENDS] info: "[SWAPI] Mount Route /api/articles"
2019-01-09T13:38:30.018Z [WITHYOUFRIENDS] info: "[SWAPI] Mount Route /api/article"
2019-01-09T13:38:30.018Z [WITHYOUFRIENDS] info: "[SWAPI] Mount Route /api/article"
2019-01-09T13:38:30.019Z [WITHYOUFRIENDS] info: "[SWAPI] Mount Route /api/tags"
2019-01-09T13:38:30.019Z [WITHYOUFRIENDS] info: "[SWAPI] Mount Route /api/tags/articles"
2019-01-09T13:38:30.021Z [WITHYOUFRIENDS] info: "[SWAPI] 2 router registered"
2019-01-09T13:40:41.114Z [WITHYOUFRIENDS] info: "[SWAPI] using custom logger instance"
2019-01-09T13:40:41.117Z [WITHYOUFRIENDS] info: "[SWAPI] Mount Route /api/articles"
2019-01-09T13:40:41.118Z [WITHYOUFRIENDS] info: "[SWAPI] Mount Route /api/article"
2019-01-09T13:40:41.118Z [WITHYOUFRIENDS] info: "[SWAPI] Mount Route /api/article"
2019-01-09T13:40:41.119Z [WITHYOUFRIENDS] info: "[SWAPI] Mount Route /api/tags"
2019-01-09T13:40:41.119Z [WITHYOUFRIENDS] info: "[SWAPI] Mount Route /api/tags/articles"
2019-01-09T13:40:41.121Z [WITHYOUFRIENDS] info: "[SWAPI] 2 router registered"
